38 456 284 419 593 4222 4248 989 117 392 9152 2210 1632 2837 2400 973 5600 10429 548 7996 25715 18225 31625 1822 956 31071 33968 210 3465 8328 10573 6742 81493 6220 162 148 258 1930 977 659 36898 41493 9002 5726 1398 133 1656 5545 30437 49 25 288 408 1295 5521 5885 115 60439 5053 2757 15652 4739 16 203 569 1118 21559 16677 890 566 4671 13771 8682
44 413 503 443 743 5803 3547 3043 127 449 8694 4216 1504 3565 2420 1121 10549 7939 1263 8460 38100 41595 23996 11404 1624 23458 65527 456 5897 10792 9969 6831 73260 22030 172 142 375 1795 1795 890 30792 49480 23773 7090 1991 309 2560 10747 31513 37 26 379 401 1416 4250 11314 194 54828 12956 3213 17058 6337 31 227 601 1333 19908 21744 990 544 4416 15056 8602
61 264 1196 634 219 7047 1243 13050 102 116 7179 11883 705 7648 3409 176 6242 7153 74 1355 25241 94856 5073 92016 85 12881 103143 87 3216 4339 18805 1058 38141 123921 77 20 98 785 2619 81 9021 66910 98913 2645 9505 26 575 10817 42734 10 25 135 142 1795 686 42081 31 52518 35344 640 13907 20764 4 190 594 158 10969 57966 555 1000 1534 28484 11861
73 216 1948 680 144 8163 798 29574 99 89 6081 20507 555 8572 3543 139 5986 5280 87 557 23564 150184 2775 300251 68 8319 151102 54 3454 2657 20389 666 26703 309974 25 9 115 614 3589 66 5573 61294 203909 2143 15112 12 398 14056 38533 7 30 111 55 1962 494 45319 23 43306 72853 428 11540 31062 5 233 443 131 9264 66593 479 1253 1118 29926 12178
46 408 554 481 460 6246 3220 3419 158 268 8874 5009 1462 4101 2651 540 7404 10547 464 5046 34879 45911 21684 12762 516 24485 70645 89 3941 6493 14950 3768 71168 27041 136 79 321 2364 2144 353 28617 53786 29351 4498 3373 65 1601 11453 35350 47 39 272 278 2078 3889 12536 46 58229 14657 1859 17835 8862 32 329 709 713 19550 27416 1246 588 4223 17238 9361
56 379 1063 477 776 9463 2855 11306 177 366 8034 9573 1497 4338 2503 1147 19214 7717 1875 7675 58522 116371 17835 79683 1381 16586 139468 298 8747 10402 12900 4947 62221 96740 176 150 926 2380 4142 598 25574 53346 71211 5709 3793 134 3353 25538 31798 68 96 478 301 2154 4096 15795 132 48285 36396 3074 19680 9061 17 496 581 1044 18156 28985 1401 575 4722 16463 8588
57 288 984 612 244 6484 1512 9076 83 142 7830 9991 824 6910 3283 199 6206 7255 75 1460 23150 71446 7394 52696 119 15237 94596 106 3010 4362 18991 1409 47296 85297 107 20 89 724 1817 85 11416 69824 77316 3204 9264 64 623 10163 41185 10 19 126 204 1377 1033 31410 51 56414 28130 924 14628 20800 18 112 460 326 12734 51242 630 1091 2141 26573 11191
68 213 1591 687 140 7288 857 21135 81 78 5867 16245 477 9111 3625 118 5001 5820 59 718 23762 123052 3167 186599 52 7806 111777 57 2942 2956 21500 706 26918 208128 38 15 60 573 2597 65 5374 58343 154980 1651 12260 12 340 9916 42533 6 14 81 49 1649 390 56143 23 44255 50778 368 10919 28358 2 125 433 90 7141 71619 375 1284 877 31858 12378
11 396 5 50 2200 158 6418 1 32 2290 1732 4 1003 34 126 6013 757 550 16228 36458 1979 31 71277 0 26232 8239 132 3019 577 3767 14 46416 21049 0 51 776 373 805 8 18082 24805 633 2 4027 0 3809 4614 40 481 37 3 381 179 13 7734 6 6867 3839 0 6661 610 1 60 19 24 5567 2680 26 196 0 1762 99 196
45 473 666 324 1347 9674 5595 4919 133 987 6824 6033 2024 1815 1423 2917 28326 3147 4549 18447 106049 81046 49827 21465 6532 16126 111890 696 19323 11527 16803 18310 72524 45737 197 483 644 2249 2497 3889 45310 22230 26517 8752 6655 735 4757 34720 20293 87 22 678 459 1055 9937 2747 724 34015 21072 6623 12612 4716 106 241 356 3920 17190 9610 1263 243 6581 5924 4309
38 449 341 362 1493 4539 4171 1483 224 719 7900 2710 1863 2407 1836 3382 15652 7256 6230 14572 29152 21158 32641 3673 5661 21339 44480 893 5691 14011 7681 10825 73718 10080 391 401 1689 2720 1701 2406 36529 38020 11792 8356 1668 611 6408 9740 21048 37 171 957 600 1756 6067 5261 440 44313 7256 6445 15560 4297 100 870 341 2477 18104 14072 2013 207 6256 9552 5957
1 55 0 0 379 0 1008 0 0 477 0 0 0 0 0 776 0 0 2855 9084 0 0 10298 0 8034 0 0 366 0 0 0 9096 0 0 0 177 0 0 0 4338 0 0 0 0 0 1497 0 0 0 0 0 0 0 0 0 0 2503 0 0 0 0 0 0 0 0 0 0 0 0 0 0 0 0
1 55 0 0 379 0 1008 0 0 477 0 0 0 0 0 776 0 0 2855 9084 0 0 10298 0 8034 0 0 366 0 0 0 9096 0 0 0 177 0 0 0 4338 0 0 0 0 0 1497 0 0 0 0 0 0 0 0 0 0 2503 0 0 0 0 0 0 0 0 0 0 0 0 0 0 0 0
4 183 1 5 1345 30 3223 0 16 1388 203 0 142 2 2 3711 124 195 11514 23227 183 0 38066 0 21311 1054 0 1965 36 377 0 27476 2721 0 21 549 226 284 0 11928 4517 49 0 300 0 4648 767 0 19 25 0 196 21 0 957 0 6284 77 0 1268 41 0 95 0 1 1087 46 0 31 0 45 1 0
1 55 0 0 379 0 1008 0 0 477 0 0 0 0 0 776 0 0 2855 9084 0 0 10298 0 8034 0 0 366 0 0 0 9096 0 0 0 177 0 0 0 4338 0 0 0 0 0 1497 0 0 0 0 0 0 0 0 0 0 2503 0 0 0 0 0 0 0 0 0 0 0 0 0 0 0 0
34 469 207 354 1294 3032 4623 611 162 561 8413 1373 1854 2045 1955 1828 8805 7815 5073 17417 16161 10074 37140 987 3568 27382 22153 1379 2672 14493 5264 9697 78534 3153 207 205 780 2357 972 1167 42083 34130 4896 7059 542 841 5845 3980 18926 73 31 489 496 1467 6639 3791 406 50231 2824 4259 13898 2599 49 309 644 1968 21381 10627 1390 269 5660 9799 6889
1 55 0 0 379 0 1008 0 0 477 0 0 0 0 0 776 0 0 2855 9084 0 0 10298 0 8034 0 0 366 0 0 0 9096 0 0 0 177 0 0 0 4338 0 0 0 0 0 1497 0 0 0 0 0 0 0 0 0 0 2503 0 0 0 0 0 0 0 0 0 0 0 0 0 0 0 0
2 65 0 1 831 0 966 0 0 520 45 0 10 0 0 2535 0 0 11164 8893 0 0 9556 0 9571 31 0 2427 0 202 0 8722 785 0 0 173 0 0 0 4077 181 0 0 161 0 2877 167 0 0 0 0 0 13 0 0 0 2614 0 0 269 0 0 0 0 0 45 0 0 0 0 0 0 0
13 497 13 65 1961 525 9094 1 22 2222 2097 56 1649 28 201 3880 1957 566 7900 48389 8956 28 107965 0 19423 9966 1761 1462 2148 3217 25 57235 22989 0 24 937 171 654 9 14947 44759 490 10 2240 0 2589 5203 1398 487 48 0 170 254 19 15837 0 4210 5483 156 6884 588 9 66 8 22 7545 4111 54 176 0 3894 72 414
12 381 12 54 2135 309 6187 7 25 2292 1868 15 982 69 129 5109 2188 320 13866 37302 3560 163 68565 2 27286 4837 468 2511 1664 5321 31 44195 24998 3 46 848 288 310 42 18666 24037 1668 9 5518 0 3844 4325 190 495 14 4 290 172 22 7562 40 6811 3660 10 6024 1253 9 57 3 11 5801 2882 63 157 0 1726 174 185
1 55 0 0 379 0 1008 0 0 477 0 0 0 0 0 776 0 0 2855 9084 0 0 10298 0 8034 0 0 366 0 0 0 9096 0 0 0 177 0 0 0 4338 0 0 0 0 0 1497 0 0 0 0 0 0 0 0 0 0 2503 0 0 0 0 0 0 0 0 0 0 0 0 0 0 0 0
28 510 157 221 2014 3229 6564 423 194 1210 5815 949 2169 915 989 4339 12385 4472 8789 30932 33413 9393 62883 636 10632 16631 21284 1889 6657 12648 2415 24656 64737 2007 251 503 1204 3601 1096 4950 51285 14454 2796 7296 211 1505 8204 7832 10397 131 44 1043 509 935 11965 1221 1330 25227 2583 7966 9866 797 164 451 348 4690 14325 3932 1631 91 6886 3297 2904
16 443 33 87 2189 929 7106 28 63 2178 2866 103 1362 172 257 6211 4577 756 12215 37424 12969 755 79738 11 21842 8388 3031 2765 3956 7601 205 46773 37559 51 72 777 721 869 92 15164 34173 3464 124 7103 1 3079 5135 1450 2335 19 9 563 305 150 10491 94 5408 7037 140 7628 2486 73 151 89 46 6559 5514 419 389 7 2917 409 491
14 443 23 68 2306 752 7069 12 28 2213 2331 91 1310 58 203 5734 4083 623 14616 40187 10128 407 80277 1 24936 10800 2818 2654 3531 4527 51 44313 27887 44 79 879 242 572 25 16342 35512 1349 19 3694 0 3794 5632 1666 695 40 0 240 355 66 8859 21 5580 6137 224 8512 1147 16 49 28 33 6347 4104 171 156 0 2821 91 414
39 493 418 323 1181 6529 5385 2225 166 789 7765 3489 2054 1813 1612 2401 15630 7742 3135 16413 59446 38498 45281 7046 3887 24071 72816 660 9629 11357 7191 14632 77054 16910 320 337 817 2806 1893 2334 46338 28438 15371 8234 1446 487 4135 18494 20188 72 32 730 502 1528 9421 2725 493 40404 12766 5613 14889 3480 58 398 451 2830 19649 10000 1378 288 6604 6805 5414
79 175 2361 720 110 7869 520 40826 86 57 4779 24742 415 9835 3676 109 5113 3947 51 391 20506 169417 1417 477356 30 5630 145236 48 2774 2132 20738 383 15981 434606 13 10 111 433 3515 46 3196 46236 262643 1227 18422 9 337 12516 37146 3 59 77 39 1710 219 61497 20 34266 86790 258 9449 36638 3 216 373 52 6346 78560 415 1355 866 32255 12379
5 151 3 7 1466 58 2570 1 11 1120 312 0 106 6 3 6637 973 119 14667 15075 159 24 35673 0 15865 287 0 4114 225 1102 0 23515 5976 0 65 490 258 67 5 10342 3204 209 0 1384 0 4534 750 0 14 0 2 149 31 0 437 2 5020 128 0 1432 102 0 23 0 0 622 73 0 22 0 33 3 0
42 459 518 343 1447 6733 4496 3315 249 713 7518 4214 2035 2347 1604 2414 22316 5976 5775 18101 51663 46226 35051 13101 5004 17071 76356 1597 9419 14426 7520 11627 70935 24866 322 251 1012 3777 3321 1890 40733 37505 21402 7787 2137 1015 6293 19535 18714 82 141 812 484 2451 8532 5747 573 35395 13256 5551 18595 4769 96 756 502 2736 18900 13956 1751 264 6704 7192 5240
18 488 23 130 2412 474 7307 11 63 1787 4062 62 1817 211 532 6190 3029 1363 11610 41284 3102 211 78651 1 17203 12425 1246 2599 1161 10047 211 39220 49771 13 134 833 591 1044 46 9917 46154 4681 61 7130 3 2830 7884 390 1720 28 6 525 498 164 12046 74 3241 15089 57 9189 2738 52 73 92 86 6114 9706 495 510 10 5042 874 1420
20 431 68 122 2827 1852 5590 52 133 1987 3469 364 1301 340 384 7230 10194 2920 23276 29623 21939 1261 57696 16 24454 12409 8147 4826 7394 10236 2679 32472 40214 142 184 685 2044 1934 253 12693 31601 4914 414 6624 258 5208 8055 3416 5985 56 26 1501 349 465 5205 122 5390 11691 668 10518 3521 469 284 270 132 5574 5425 1102 926 27 2978 875 752
31 486 168 297 1790 2643 5360 447 149 747 7589 1118 2025 1295 1635 2981 10166 4922 7626 25886 17913 7323 47281 679 6137 24381 22031 1524 3181 16130 2563 14342 75407 2239 266 323 1230 2090 748 1967 47992 23675 3478 7443 219 950 8129 5286 11240 64 54 609 739 1043 8635 1844 444 42396 3547 6067 10493 1042 56 368 456 2499 21110 6269 1176 96 6372 6122 5930
28 512 109 269 1588 2131 6058 177 128 972 7233 601 2102 1101 1397 3418 6960 6293 5699 24614 15440 3679 55472 147 6878 26507 11080 850 3404 12915 3269 18604 74676 652 212 462 616 2542 431 3536 50678 18977 1329 8351 285 767 6342 2975 12359 80 18 579 605 885 10035 1204 738 38712 1010 6872 10374 1010 67 178 398 3452 18593 4873 1204 100 6708 5209 4656
6 209 3 12 1746 107 3009 0 3 1603 438 3 247 6 11 4208 1104 87 14956 24685 957 0 30480 0 27411 1904 84 2396 805 1363 1 24240 5330 0 11 787 20 81 0 13136 6249 141 0 1203 0 5423 1790 62 61 1 0 30 107 4 1213 0 6909 361 1 2377 153 0 0 1 0 1800 223 6 6 0 179 3 5
9 209 13 23 2243 281 2772 6 40 1407 793 19 259 35 24 10970 3486 401 22089 19483 1672 141 32570 0 23113 1435 331 6354 1221 4061 75 22370 12224 7 149 644 682 457 36 10439 6303 849 12 3232 1 6905 2305 124 335 6 0 635 190 52 754 10 5899 913 5 3110 497 10 103 25 26 1426 380 37 116 3 185 31 10
3 81 1 2 529 9 1759 0 1 701 129 0 11 1 0 2858 253 0 4980 7860 10 0 24700 0 7199 0 0 1914 26 371 0 18258 3068 0 0 146 26 1 0 8336 417 60 0 1048 0 1032 61 0 0 0 0 8 0 0 11 0 3566 0 0 252 9 0 0 0 0 34 0 0 1 0 0 0 0
3 106 1 2 684 34 2162 0 1 848 112 0 32 1 0 2075 462 0 5911 13961 367 0 27767 0 10983 156 0 1297 194 287 0 20505 2338 0 0 349 1 26 0 8950 1061 39 0 755 0 2364 134 0 4 0 0 8 0 0 266 0 4063 0 0 341 30 0 0 0 0 199 0 0 1 0 0 0 0
35 460 302 293 1729 4851 5242 1159 126 1182 6895 2419 1821 1651 1316 3670 19396 4002 7255 20428 47242 19676 45788 2429 8995 17212 46151 1608 11293 14652 7934 20094 73443 7886 249 518 1059 1878 1208 4993 39123 25294 9111 11159 1777 1507 6288 12731 17599 57 17 720 457 1012 8214 2489 1572 33841 6919 7912 12223 3626 117 209 355 4435 15785 8297 1114 205 5639 5794 3827
8 125 4 24 2326 67 783 1 6 683 488 2 154 17 36 10469 1254 130 31136 14596 267 23 3434 0 18034 654 21 9021 211 6851 13 5238 2793 0 25 360 177 61 6 1894 1826 191 1 1839 0 7593 2999 0 141 0 0 69 163 5 267 4 2569 712 0 1380 151 0 6 0 7 635 395 8 18 0 114 28 29
11 328 10 45 2717 253 4388 2 36 2042 1421 27 767 30 106 7172 1795 223 26764 32517 3010 27 41859 0 31689 4816 816 5249 1174 4663 12 31100 15690 1 32 829 809 373 9 15491 17211 669 10 3288 0 5893 5731 347 221 4 4 499 186 30 3794 4 6947 3046 45 6697 420 0 51 73 4 4330 1932 59 123 0 1295 50 161
14 332 34 57 2460 918 5058 32 66 2042 1872 100 697 112 120 9321 5834 1077 22400 26155 13568 813 58503 10 21942 5162 3105 6465 5091 6671 258 39856 26829 73 92 554 999 1257 111 16930 17088 1870 116 6198 10 4815 4742 1127 1815 35 3 908 138 139 3471 50 7364 4127 119 6625 1339 47 138 68 46 3724 1990 231 351 6 1046 193 146
19 498 46 125 1800 1510 7904 36 51 1953 3948 201 1702 272 460 5702 4870 3098 7330 34078 22922 1273 86457 8 14616 15659 5605 1882 5688 9167 891 45283 47398 109 85 782 189 1633 79 12424 43793 3661 225 8473 28 2189 4487 2855 5521 22 6 430 356 150 13241 101 3870 13996 399 7699 4198 175 15 91 97 6417 8067 889 341 28 4347 792 1122
22 507 64 167 2117 1458 6932 84 138 1645 5045 261 1934 506 689 5477 6391 3940 9439 32897 13702 1875 70472 58 14149 17885 5980 2020 3768 11293 1065 32871 58835 211 158 695 926 2600 348 8775 47949 9582 497 8588 43 2160 6838 1963 5703 84 32 928 415 529 11159 445 2638 20169 362 9171 6446 302 150 234 203 5895 11167 1681 1116 22 5546 1864 1830
22 405 99 132 3169 2325 4424 170 138 1926 3324 525 1290 420 425 7533 14324 3292 35561 28041 24638 4145 34485 143 28987 10053 11249 5934 9656 12234 2712 25497 31367 694 169 658 3286 1533 454 12216 24220 5350 952 7545 267 5090 10233 4882 6539 17 67 1755 374 465 5556 318 5221 10823 1037 10112 3861 485 202 350 89 5487 5921 1534 851 28 3028 962 895
9 116 14 22 2142 203 650 4 8 642 415 33 147 20 27 10624 4137 400 27893 11526 496 68 2699 0 16887 233 368 7988 933 5946 148 4320 2635 4 31 409 81 73 4 2116 1564 355 12 1800 13 6979 2713 152 40 0 0 39 87 19 216 4 2391 531 26 1190 250 0 1 11 0 586 228 36 11 0 122 12 19
2 45 0 1 771 0 270 0 0 324 21 0 12 0 0 3904 0 0 10190 4713 0 0 811 0 8280 0 0 3124 0 285 0 1958 110 0 0 192 0 0 0 1559 116 0 0 100 0 2382 175 0 0 0 0 0 0 0 22 0 1348 0 0 136 0 0 0 0 0 44 0 0 0 0 0 0 0
37 505 432 234 1753 7140 5772 2732 251 1300 6252 2804 2143 1316 918 4704 25480 5706 6677 24569 68079 48859 48449 11036 10078 17313 65110 1743 16576 11980 4387 21777 66530 16675 377 480 1422 4042 3361 5367 47117 25987 12420 9556 720 1413 5604 21860 11480 99 142 1694 547 1397 10913 2974 1634 22344 8181 8054 14979 1674 179 790 283 5281 14313 6375 1738 104 6529 3444 2442
13 459 16 62 2043 536 8036 7 39 2283 2182 44 1356 67 168 4941 2608 982 9587 42494 6753 261 94581 0 21221 9398 1190 2182 2349 3765 85 52617 28428 21 97 887 324 873 13 17025 37094 1644 1 3612 0 3121 4635 852 710 34 7 425 234 62 11608 27 5476 5056 70 7138 1512 12 36 63 23 6900 3541 162 184 0 2860 120 302
5 276 0 10 1118 0 6155 0 0 2014 404 0 350 0 10 2397 0 0 6180 29460 0 0 85841 0 17907 2596 0 1392 0 493 0 54241 5314 0 0 536 0 0 0 20672 10962 0 0 581 0 2705 888 0 0 0 0 0 54 0 4172 0 7996 312 0 2095 0 0 0 0 0 2690 294 0 0 0 252 0 5
12 399 17 49 1882 660 7215 3 33 2334 1773 45 945 71 101 4998 2939 657 10507 37076 10310 131 85868 0 21789 6593 1158 2552 3662 4047 353 54263 25234 3 63 771 301 817 12 19206 25350 1329 15 4462 12 3278 3250 806 1273 11 0 490 190 59 8816 6 7123 3199 38 5618 1506 29 53 39 21 5668 2318 149 160 8 1487 109 126
14 375 36 55 2836 903 5058 37 159 2177 1904 100 875 121 106 8219 5797 1635 25835 32525 8758 843 49195 16 29516 6410 2587 5411 3304 5234 329 34190 24010 71 222 764 2895 2052 230 16062 21692 2884 135 4642 14 5994 4778 953 1291 72 64 2152 248 287 4549 66 7058 3343 86 7399 1961 64 402 278 40 5000 2094 246 603 2 1336 185 116
42 461 443 418 649 5899 3872 2458 283 373 8868 3600 1784 3146 2276 792 8211 13268 905 7183 33027 37657 27669 8395 926 28511 58794 239 4095 7299 11321 5454 74412 17165 197 75 859 3754 3273 604 36919 47271 19036 5093 1429 105 2307 10780 29643 64 180 774 324 2833 5256 8916 118 53591 10815 2951 18628 5149 48 937 745 1142 20804 19539 2055 371 5367 13025 8090
53 317 794 584 246 6183 1839 6392 98 131 8395 7580 855 6158 3296 208 5306 9030 77 1941 25019 61219 9463 31784 86 19397 79081 67 2516 4821 17758 1505 53254 56823 58 27 94 947 1896 91 13974 68105 51374 3147 6129 16 612 8063 42360 14 24 123 174 1537 1203 27444 26 62164 21409 666 14483 14469 5 176 589 175 14484 44925 552 966 1765 25771 11731
8 281 4 24 2007 163 4307 0 32 1920 890 3 425 18 35 6159 727 538 17553 30061 2256 0 43833 0 27771 4237 76 3801 681 2897 37 33002 10425 0 29 690 350 782 0 16088 11496 239 0 2550 0 5248 2515 27 382 32 0 545 175 29 2563 0 7563 1240 0 3742 363 2 115 11 27 2846 739 11 114 1 394 30 26
26 532 124 201 1902 2735 6735 271 171 1359 5967 699 2128 765 865 4275 9919 7181 7391 29805 23009 6402 63693 315 10518 22269 16455 1789 5580 10795 2406 26011 65554 1151 419 512 1071 3327 748 5720 53085 15202 1864 7833 120 1859 6528 5294 8740 107 25 1089 610 1057 11593 807 1755 23983 1635 8491 9688 693 199 336 296 5292 14153 3276 1256 70 6363 2546 2473
15 319 35 70 3379 669 3748 15 132 1828 1935 126 799 158 156 11564 7361 932 33243 26256 4167 241 39269 0 28970 2729 1839 8181 2320 8939 604 26017 26034 27 255 750 2530 1315 92 11770 15106 3173 90 5498 59 7964 7859 707 1369 61 15 1404 253 371 2864 36 6458 4374 120 7808 1830 149 370 236 73 3911 2253 384 663 13 1345 290 197
8 289 7 21 1903 195 5342 2 31 1959 876 9 445 18 27 5890 1578 85 15259 29668 2380 45 68661 0 21615 2578 313 4137 906 1884 0 44789 14312 1 64 753 541 487 14 17609 12865 599 4 2504 0 4536 2018 118 107 7 3 449 107 21 3668 4 7688 901 5 3950 375 0 59 27 2 2893 718 20 86 0 420 17 19
8 310 3 25 1795 120 5656 0 17 2081 1016 2 500 14 40 5469 596 344 13810 30300 1411 0 70586 0 22051 5355 27 3390 654 2190 29 46811 15554 0 43 685 176 341 0 18539 14860 258 0 2742 0 4289 2283 31 232 5 0 319 101 9 3708 0 7814 1635 0 4254 332 1 39 6 5 3260 850 8 76 0 543 26 35
10 429 5 40 1833 215 8295 0 33 2425 1252 10 1164 20 90 3906 679 413 9044 43170 3576 0 102411 0 22202 4172 268 1676 832 2003 12 62578 15094 0 29 808 253 954 0 19309 28965 253 0 1806 0 2706 3757 272 300 33 0 505 103 24 13000 0 6302 2311 10 5026 560 0 62 54 25 6766 1843 40 107 0 2123 30 130
44 410 485 461 747 5439 3181 2745 150 337 8905 4189 1493 3757 2553 870 10194 10336 2088 7399 27729 35065 21933 9347 1315 24796 60990 283 3835 10129 11905 4812 71173 20458 195 82 700 1747 1862 546 29014 52803 22879 5686 2583 172 2933 9646 31282 22 68 326 506 1857 3538 11362 113 57900 12061 2804 17353 7394 20 330 554 900 20007 23772 1163 550 4348 16270 9075
5 150 2 8 1546 75 2377 0 18 1095 301 1 94 4 5 4792 457 434 18430 18463 631 0 27123 0 17362 413 15 4750 263 1484 21 21242 4990 0 43 501 327 399 0 9308 2636 59 0 1316 0 4475 951 3 85 6 0 294 13 12 420 0 5094 210 0 1281 65 0 102 3 10 511 84 2 26 0 25 2 1
10 282 17 28 1985 483 5022 15 56 1919 1121 22 411 47 36 7473 3606 361 16692 26299 6715 409 63081 6 19928 2140 700 5529 2549 3619 103 42785 19344 13 133 659 750 1078 107 17628 11355 1219 21 4398 0 4244 1933 262 520 32 10 1015 116 73 3321 34 7744 1343 9 3761 809 4 125 42 17 2649 854 51 137 0 349 48 24
21 489 63 147 2182 1345 6956 90 112 1763 4625 256 1793 415 569 6498 6591 2369 9509 35923 13242 1839 70365 58 15488 14170 6423 2717 3677 11644 820 36521 56471 266 200 809 842 2081 287 9589 44558 9456 446 9440 60 2639 6356 1846 3557 70 25 861 403 458 11314 410 3351 16074 406 8942 5533 154 103 217 120 6067 10302 1418 754 1 4887 1323 1443
4 190 0 6 1291 0 3345 0 0 1539 198 0 186 0 4 2768 0 0 9855 23258 0 0 39023 0 23001 782 0 1274 0 402 0 29161 2378 0 0 533 0 0 0 13839 4981 0 0 196 0 4186 1067 0 0 0 0 0 25 0 1338 0 6876 132 0 1287 0 0 0 0 0 1567 66 0 0 0 102 0 1
21 473 45 165 2625 1057 5978 29 133 1723 4807 169 1665 430 702 6541 5025 3319 17453 30095 7878 737 59777 4 19408 18007 3260 3381 2508 12229 1344 29857 55478 59 239 625 1688 1934 174 9271 39370 7508 174 8122 53 3448 9085 926 5904 48 33 1210 530 406 7402 214 3458 20772 198 10952 4151 267 230 229 247 5604 10279 1236 1143 57 4588 1845 1878
15 488 18 87 2222 626 7922 4 82 2137 2754 55 1644 112 284 5120 2396 2529 11580 42788 7274 137 89680 0 21358 9819 1445 2038 1961 5779 327 48292 32519 2 193 870 559 2345 45 13862 41410 1736 33 4898 1 2612 6141 779 1802 62 0 843 328 241 13618 11 4356 7522 84 7648 2074 36 187 134 67 7097 5795 262 445 11 3900 319 606
17 506 35 101 1913 1092 8157 21 86 2122 3570 126 1631 210 323 5591 4076 3017 7560 36765 13980 630 88552 4 15835 16904 3845 2055 3510 6394 612 48045 44590 42 174 831 659 2200 90 13343 45172 4279 120 7068 26 2556 4228 1314 3232 59 9 766 358 262 12226 74 4449 10259 170 8534 3749 136 163 106 65 6874 6628 554 634 2 3800 605 647
29 530 229 177 1871 5649 7287 869 114 1638 4789 1471 2087 634 680 4464 18787 9894 9354 29544 72510 24354 75738 1804 14182 16294 36365 1231 16560 9714 5626 33995 51361 5607 251 724 560 2605 1004 8947 50328 7731 3289 7257 658 1436 6127 17840 10352 88 2 748 408 681 13528 875 2017 18250 4462 8447 7477 758 126 155 196 6300 11037 2920 881 39 6026 1529 1810
26 530 98 227 2055 1964 6595 175 236 1075 6194 484 2310 859 1082 3381 7108 5458 9059 33757 14752 3790 62794 153 8164 21054 9463 1553 2736 11228 1898 22055 65383 621 275 461 1768 4101 736 3673 56251 15287 1078 6236 135 1045 9279 2832 8947 149 100 1330 539 962 12045 1093 712 28775 862 7987 9252 634 206 628 352 4087 15602 3340 2058 61 7670 3604 3369
12 472 4 62 1927 110 8636 0 22 2293 2078 4 1480 32 184 4644 589 332 7682 45818 768 0 102768 0 20353 8058 50 1642 369 3805 49 57210 25710 0 45 867 178 366 0 16412 39854 745 0 3283 1 2555 4583 30 218 9 0 237 201 12 14140 0 4932 5205 0 6552 662 0 41 16 3 7350 3966 32 173 0 3260 112 350
23 534 67 186 2001 1610 7312 81 114 1334 5518 330 2196 504 856 4623 5876 4056 8147 34765 15790 1924 74526 48 11194 21850 8386 1673 3249 10805 1160 28101 60003 231 206 638 803 2120 287 5503 57033 8862 627 6540 44 1665 7397 3019 5937 89 19 688 613 416 12870 339 1569 24170 819 8615 6291 284 112 159 242 5016 14150 1683 1074 33 6783 2185 2562
12 342 21 45 2411 573 5260 13 48 2042 1691 55 701 61 91 8336 4576 939 18984 30846 5647 354 61074 2 25982 6086 1560 4769 2676 4463 168 38092 24727 22 83 815 760 660 67 15857 19218 1722 47 4432 5 5892 4003 658 567 26 5 608 312 69 3778 18 7238 3242 67 6558 1040 9 132 40 26 3962 1847 118 223 0 993 97 110
31 520 151 314 1263 2824 5735 357 198 572 8076 943 2152 1422 1773 1661 6279 9357 4049 20091 18323 7665 51208 478 2955 31788 18147 547 2843 10913 4195 11277 78069 1497 194 185 1051 3601 950 1060 53719 22852 3115 5549 199 329 5969 4328 16121 106 79 581 518 1402 9063 1975 208 47848 2530 4653 11950 1189 69 427 662 1698 21930 6416 1637 181 6833 7421 6464
2 125 0 1 552 0 2843 0 0 1073 43 0 41 0 0 882 0 0 3175 16270 0 0 37559 0 12349 383 0 420 0 38 0 27436 478 0 0 262 0 0 0 11686 1493 0 0 35 0 1782 115 0 0 0 0 0 7 0 436 0 5278 0 0 270 0 0 0 0 0 384 0 0 0 0 0 0 0
3 199 0 3 638 0 5041 0 0 1602 132 0 133 0 1 959 0 0 2628 22268 0 0 75120 0 13139 1259 0 421 0 71 0 47915 1545 0 0 330 0 0 0 18260 5047 0 0 91 0 1769 253 0 0 0 0 0 16 0 1745 0 7171 35 0 667 0 0 0 0 0 1223 31 0 0 0 34 0 0
26 516 119 206 2235 2614 6418 237 191 1338 5762 742 2071 661 960 4810 10293 5868 11885 29779 24331 5536 61661 242 12683 21520 17550 1986 5403 11097 2314 25918 62611 1117 332 562 1862 3144 687 5802 49064 11398 1726 7112 155 1822 8735 5924 8488 76 88 1412 689 753 10574 523 1638 26744 2300 9837 7023 527 126 597 218 4717 13877 2806 1468 45 6449 2531 2978
16 406 27 93 2976 705 5595 10 113 2074 2699 92 1230 164 294 8784 4454 1493 22390 32936 6677 237 63102 1 26961 6102 1993 4476 2653 8802 481 35778 35403 9 195 728 1422 1685 91 14362 28300 2428 74 5239 16 4996 8193 960 2208 26 15 1254 350 213 5904 34 5662 8728 140 9810 1918 85 279 175 138 5798 4433 376 745 17 2748 483 585
8 230 7 21 1627 154 3896 2 27 1659 854 7 274 22 25 7976 1477 183 12352 21983 1464 41 49004 0 20578 1516 155 3474 868 3681 31 33169 13902 1 40 635 310 370 8 15254 7610 684 3 4058 0 4611 1146 21 188 33 0 276 147 57 1930 5 6984 866 1 2669 322 3 103 8 12 1768 639 18 69 0 172 25 14
24 485 75 201 2474 1588 5973 74 116 1393 5423 414 1956 600 936 5204 8241 3142 16039 32987 12450 1579 58115 30 17230 16805 8128 2373 3752 13448 1676 23691 58716 245 233 578 1111 1914 232 7269 45163 9934 641 7372 131 2235 10347 3039 6928 47 11 909 624 509 9521 303 1840 25186 1000 9674 6319 554 121 229 267 5045 13324 2290 1053 102 6005 2477 2853
4 173 1 5 1365 27 3077 0 19 1292 224 0 115 2 2 4450 87 132 12812 20310 171 0 40664 0 18828 1197 0 2658 40 441 0 26858 3516 0 8 532 248 328 0 11576 3932 48 0 389 0 4859 688 0 25 40 0 185 47 0 602 0 5622 90 0 1400 29 0 131 0 7 800 52 0 31 0 29 1 0
29 494 165 241 1977 3173 6132 432 179 1191 6205 1054 2048 1051 1117 4363 12155 3958 8802 28607 31362 9162 57165 605 9982 17035 22232 1865 6517 13778 3039 22933 68233 2186 275 519 1493 2990 884 5136 47565 16795 3033 8502 353 1476 7925 7124 11984 68 103 1126 523 853 10705 1407 1224 28711 2807 7865 10184 1166 111 542 359 4558 15276 4801 1344 88 6494 3893 3412
10 359 11 34 2064 403 6115 3 36 2246 1106 27 825 25 65 4862 2186 250 14895 37163 6282 87 70559 0 27919 3683 898 2640 2168 2603 21 46167 13545 2 11 816 387 699 25 18490 19701 457 14 2285 0 4157 3698 621 315 47 3 402 126 12 7357 3 7304 1606 40 4941 491 1 94 36 14 5115 1489 35 156 0 1217 40 75
5 134 3 7 1263 54 2132 1 5 1038 330 0 71 6 3 4997 928 38 12577 15739 322 25 24657 0 15379 951 0 3513 232 1492 0 19891 5647 0 14 338 113 44 2 9277 2165 230 0 1840 0 3892 582 0 42 0 1 60 23 0 175 2 4877 144 0 1108 66 0 2 0 0 454 67 0 10 0 20 3 0
10 355 6 39 2109 265 5821 0 27 2214 1484 8 696 32 80 5445 1037 527 16449 33871 4574 0 67886 0 25966 8770 265 3064 1439 3708 38 43597 18445 0 37 739 251 481 0 17773 20759 437 0 3269 0 5154 3469 180 822 48 0 322 155 27 4017 0 7610 3037 4 6090 570 6 151 0 37 4252 1583 32 152 1 977 72 95
8 329 1 27 1743 46 5910 0 16 2144 1085 0 570 6 50 4913 75 421 11687 33888 536 0 69649 0 24433 5928 0 2404 70 2631 0 45993 14224 0 8 720 143 538 0 18864 16964 76 0 2769 0 4237 2123 0 176 29 0 198 180 0 4525 0 7870 1761 0 4389 100 0 91 0 21 3700 1259 0 75 0 637 15 55
36 494 365 265 1866 5832 5240 1957 306 1166 6654 2468 2096 1603 1112 3709 21863 7111 9030 22687 48801 33537 42562 6664 8821 17819 52463 1751 11836 12508 5114 19120 66965 11354 480 416 2354 4777 3259 4329 44019 28789 11353 9655 932 1273 7015 14955 14107 104 195 1684 600 2134 9315 3864 1386 26380 6638 8357 15854 2136 177 1043 350 4462 15320 8116 1990 38 6704 4649 3161
3 94 1 2 1419 22 763 0 18 704 44 0 43 1 0 4782 103 84 16150 12673 121 0 3414 0 18066 198 0 3068 14 219 0 5298 233 0 12 505 321 224 0 3352 600 9 0 42 0 5607 644 0 11 33 0 172 25 0 141 0 3084 0 0 340 11 0 120 0 2 300 0 0 16 0 0 0 0
1 38 0 0 493 0 380 0 0 323 0 0 0 0 0 1181 0 0 5385 6036 0 0 1845 0 7765 0 0 789 0 0 0 3166 0 0 0 166 0 0 0 1813 0 0 0 0 0 2054 0 0 0 0 0 0 0 0 0 0 1612 0 0 0 0 0 0 0 0 0 0 0 0 0 0 0 0
14 373 30 61 2556 856 5484 19 85 2160 2101 94 861 115 136 7300 4898 1222 21715 32259 11918 517 59438 2 27067 7237 2936 4632 3673 6552 310 38215 26057 37 144 763 1342 1669 80 16229 21776 2115 91 5821 18 5323 4849 901 1764 71 22 1265 282 186 4865 36 7148 4373 105 7279 1770 74 210 121 76 4811 2714 243 370 3 1362 210 182
3 191 0 3 633 0 4483 0 0 1672 72 0 155 0 1 449 0 0 2563 20268 0 0 63217 0 14872 196 0 243 0 47 0 43518 653 0 0 255 0 0 0 19297 3263 0 0 23 0 1317 398 0 0 0 0 0 5 0 2525 0 7548 19 0 413 0 0 0 0 0 1454 17 0 0 0 46 0 0
7 49 10 11 598 26 406 5 6 304 230 11 13 13 6 3842 181 14 6151 6441 7 17 2037 0 6862 4 21 1690 2 2979 11 3340 2132 6 0 138 115 11 3 1647 276 350 3 1692 1 2035 34 2 5 0 2 5 2 10 5 5 1413 177 2 121 28 2 0 2 1 2 15 12 6 0 2 3 1
4 73 3 3 986 58 736 1 3 445 93 0 31 3 0 3159 1018 48 12769 13169 336 26 4028 0 10489 15 0 2597 302 1030 0 5862 964 0 0 243 2 72 3 1902 468 64 0 591 0 3984 386 0 2 2 0 6 0 0 182 1 1803 0 0 128 56 0 1 0 0 153 0 0 3 0 0 0 0
7 121 1 20 2104 24 834 0 1 686 422 0 139 5 30 9540 472 34 26995 15318 121 0 3808 0 17785 641 0 7377 111 5739 0 5684 2492 0 10 382 2 22 0 2138 1783 40 0 1612 0 7268 2473 0 66 0 0 2 131 0 293 0 2595 606 0 1179 54 0 0 0 4 606 345 0 1 0 98 10 25
5 111 1 9 2124 13 612 0 12 814 163 0 122 3 7 7719 184 7 28969 9973 47 0 2406 0 20506 169 0 6484 19 1456 0 3934 899 0 5 450 287 55 0 3709 957 24 0 433 0 7133 2392 0 19 9 0 101 58 0 236 0 3589 119 0 1271 20 0 57 0 6 659 76 0 30 0 70 3 2
8 279 5 23 1913 139 4902 0 18 1944 822 10 478 10 36 6319 1034 75 16858 27897 1680 0 60651 0 22906 1406 268 4043 730 2378 6 41536 13041 0 44 665 361 300 0 17521 11019 345 0 2635 0 4319 2472 130 39 3 0 263 78 16 4134 0 7597 986 10 3806 239 0 22 28 0 3065 854 20 36 0 515 5 35
12 421 11 55 2203 383 7368 1 23 2269 1872 44 1165 19 156 5810 2016 125 12309 40238 6229 25 90395 0 23562 6665 1498 2692 1807 4025 1 50487 24356 0 33 859 227 469 8 17495 31910 376 8 3110 0 3911 4783 821 169 5 0 352 257 23 9037 1 6164 4733 112 7240 430 0 18 64 7 6207 3184 44 64 0 2341 36 294
3 98 0 3 1325 0 798 0 0 890 66 0 65 0 1 3566 0 0 14294 10410 0 0 3776 0 19887 136 0 2189 0 388 0 6202 409 0 0 438 0 0 0 5764 743 0 0 132 0 4864 782 0 0 0 0 0 29 0 222 0 4284 16 0 640 0 0 0 0 0 504 17 0 0 0 16 0 0
7 351 0 21 1381 0 7384 0 0 2344 748 0 679 0 35 3588 0 0 6065 35426 0 0 97321 0 20583 3436 0 1361 0 1192 0 61866 9661 0 0 649 0 0 0 21529 18461 0 0 1216 0 2716 1775 0 0 0 0 0 91 0 8091 0 7883 950 0 3362 0 0 0 0 0 4743 920 0 0 0 825 0 35
17 459 31 105 2349 863 7141 15 63 2010 3189 118 1583 184 363 6363 4430 1069 12656 39929 11144 427 79430 0 21317 7725 3117 2655 3348 8966 271 42852 39916 30 130 879 414 1364 44 13320 38660 3083 101 7018 14 2903 6866 1600 2534 22 13 548 400 114 11564 49 4343 9642 231 8020 2496 93 48 135 72 6565 6990 455 406 20 3904 576 811
8 353 0 28 1568 0 6760 0 0 2321 989 0 741 0 56 3353 0 0 7928 37741 0 0 80905 0 23923 3856 0 1471 0 2224 0 53357 12637 0 0 762 0 0 0 21161 19335 0 0 2567 0 3165 2443 0 0 0 0 0 87 0 7674 0 7598 1599 0 3692 0 0 0 0 0 4994 1368 0 0 0 1026 0 70
5 208 0 10 1149 0 4212 0 0 1576 422 0 205 0 10 3704 0 0 8113 23095 0 0 56127 0 17438 1073 0 1827 0 1486 0 37729 6896 0 0 645 0 0 0 16096 5770 0 0 1846 0 3367 688 0 0 0 0 0 52 0 2091 0 6849 333 0 1630 0 0 0 0 0 1414 300 0 0 0 105 0 5
1 78 0 0 175 0 2283 0 0 720 0 0 0 0 0 110 0 0 520 7694 0 0 38543 0 4779 0 0 57 0 0 0 24022 0 0 0 86 0 0 0 9835 0 0 0 0 0 415 0 0 0 0 0 0 0 0 0 0 3676 0 0 0 0 0 0 0 0 0 0 0 0 0 0 0 0
3 126 0 3 937 0 2636 0 0 1010 140 0 56 0 1 3458 0 0 9282 13660 0 0 38714 0 11985 176 0 2474 0 405 0 25559 2803 0 0 329 0 0 0 10587 1785 0 0 509 0 2929 315 0 0 0 0 0 17 0 342 0 4744 44 0 805 0 0 0 0 0 353 26 0 0 0 10 0 0
5 269 0 10 1240 0 5539 0 0 2062 286 0 395 0 10 1555 0 0 6931 30506 0 0 71865 0 22595 927 0 867 0 306 0 48711 3108 0 0 613 0 0 0 20527 9202 0 0 206 0 2953 1433 0 0 0 0 0 33 0 4923 0 8061 219 0 1722 0 0 0 0 0 3160 210 0 0 0 325 0 5
3 75 1 2 1210 18 543 0 8 630 52 0 32 1 0 4366 273 0 15332 7706 88 0 2469 0 14307 31 0 3558 65 397 0 3951 440 0 0 329 210 38 0 3834 318 17 0 225 0 4028 408 0 2 3 0 106 3 0 98 0 3062 0 0 402 16 0 25 0 0 206 0 0 8 0 0 0 0
1 55 0 0 379 0 1008 0 0 477 0 0 0 0 0 776 0 0 2855 9084 0 0 10298 0 8034 0 0 366 0 0 0 9096 0 0 0 177 0 0 0 4338 0 0 0 0 0 1497 0 0 0 0 0 0 0 0 0 0 2503 0 0 0 0 0 0 0 0 0 0 0 0 0 0 0 0
2 106 0 1 677 0 2230 0 0 850 44 0 31 0 0 1822 0 0 5902 14231 0 0 29408 0 10991 160 0 1271 0 75 0 21269 668 0 0 350 0 0 0 8960 1030 0 0 118 0 2364 134 0 0 0 0 0 0 0 266 0 4063 0 0 334 0 0 0 0 0 199 0 0 0 0 0 0 0
7 234 4 17 1796 120 3655 0 25 1786 592 6 321 8 21 5513 691 19 17063 24705 1915 0 37526 0 24301 1142 207 4169 647 2347 1 30379 7669 0 14 555 328 486 0 16740 7326 159 0 2155 0 4154 1886 66 97 4 0 412 39 19 2263 0 7504 615 4 2792 143 0 70 28 0 2285 473 12 50 0 265 4 15
3 211 0 3 510 0 5595 0 0 1750 94 0 164 0 1 363 0 0 1429 21341 0 0 85194 0 11433 719 0 195 0 31 0 54977 746 0 0 242 0 0 0 20887 4620 0 0 29 0 991 266 0 0 0 0 0 12 0 2912 0 7662 24 0 433 0 0 0 0 0 1519 23 0 0 0 47 0 0
6 173 4 11 1715 130 2443 0 12 1360 379 4 166 8 8 5610 1179 94 18000 17642 1760 0 27277 0 22552 832 133 3781 853 1821 2 21492 4946 0 5 529 91 384 0 11210 3827 135 0 1542 0 5053 1625 31 141 9 0 251 52 13 640 0 6182 249 1 1778 167 2 28 1 7 1160 140 5 26 0 91 5 2
1 78 0 0 175 0 2283 0 0 720 0 0 0 0 0 110 0 0 520 7694 0 0 38543 0 4779 0 0 57 0 0 0 24022 0 0 0 86 0 0 0 9835 0 0 0 0 0 415 0 0 0 0 0 0 0 0 0 0 3676 0 0 0 0 0 0 0 0 0 0 0 0 0 0 0 0
1 78 0 0 175 0 2283 0 0 720 0 0 0 0 0 110 0 0 520 7694 0 0 38543 0 4779 0 0 57 0 0 0 24022 0 0 0 86 0 0 0 9835 0 0 0 0 0 415 0 0 0 0 0 0 0 0 0 0 3676 0 0 0 0 0 0 0 0 0 0 0 0 0 0 0 0
2 105 0 1 657 0 2155 0 0 891 53 0 26 0 0 1946 0 0 5142 12584 0 0 28480 0 11483 345 0 1133 0 64 0 20902 896 0 0 375 0 0 0 9500 1007 0 0 122 0 2280 96 0 0 0 0 0 15 0 126 0 4257 0 0 371 0 0 0 0 0 199 0 0 0 0 0 0 0
1 38 0 0 493 0 380 0 0 323 0 0 0 0 0 1181 0 0 5385 6036 0 0 1845 0 7765 0 0 789 0 0 0 3166 0 0 0 166 0 0 0 1813 0 0 0 0 0 2054 0 0 0 0 0 0 0 0 0 0 1612 0 0 0 0 0 0 0 0 0 0 0 0 0 0 0 0
5 264 0 10 1175 0 5531 0 0 2044 304 0 376 0 10 2245 0 0 7113 28305 0 0 72385 0 20663 826 0 1116 0 484 0 50154 3910 0 0 511 0 0 0 20691 8214 0 0 476 0 2646 1220 0 0 0 0 0 25 0 5000 0 8092 207 0 1726 0 0 0 0 0 2987 249 0 0 0 293 0 5
1 78 0 0 175 0 2283 0 0 720 0 0 0 0 0 110 0 0 520 7694 0 0 38543 0 4779 0 0 57 0 0 0 24022 0 0 0 86 0 0 0 9835 0 0 0 0 0 415 0 0 0 0 0 0 0 0 0 0 3676 0 0 0 0 0 0 0 0 0 0 0 0 0 0 0 0
1 36 0 0 505 0 396 0 0 234 0 0 0 0 0 1753 0 0 5772 6635 0 0 2336 0 6252 0 0 1300 0 0 0 2570 0 0 0 251 0 0 0 1316 0 0 0 0 0 2143 0 0 0 0 0 0 0 0 0 0 918 0 0 0 0 0 0 0 0 0 0 0 0 0 0 0 0
1 36 0 0 505 0 396 0 0 234 0 0 0 0 0 1753 0 0 5772 6635 0 0 2336 0 6252 0 0 1300 0 0 0 2570 0 0 0 251 0 0 0 1316 0 0 0 0 0 2143 0 0 0 0 0 0 0 0 0 0 918 0 0 0 0 0 0 0 0 0 0 0 0 0 0 0 0
4 134 2 4 1473 53 1591 0 17 1169 149 1 83 2 1 4467 465 59 16093 13770 414 0 13213 0 20937 555 26 2929 223 403 1 13421 1861 0 22 478 386 149 0 9625 1873 58 0 397 0 4757 631 12 14 0 0 295 30 1 238 0 5536 35 0 1118 39 0 64 8 0 673 16 1 17 0 19 0 0
1 36 0 0 505 0 396 0 0 234 0 0 0 0 0 1753 0 0 5772 6635 0 0 2336 0 6252 0 0 1300 0 0 0 2570 0 0 0 251 0 0 0 1316 0 0 0 0 0 2143 0 0 0 0 0 0 0 0 0 0 918 0 0 0 0 0 0 0 0 0 0 0 0 0 0 0 0
6 178 0 15 2093 0 1888 0 0 1289 462 0 214 0 20 6395 0 0 25663 23243 0 0 11653 0 24527 1864 0 5350 0 2398 0 14680 3965 0 0 487 0 0 0 8584 4079 0 0 1532 0 6608 2737 0 0 0 0 0 110 0 698 0 5436 590 0 2373 0 0 0 0 0 1270 334 0 0 0 174 0 15
11 427 3 52 2355 88 6724 0 38 2316 1576 3 1265 21 141 4505 283 602 16100 43709 570 0 68639 0 31230 7213 58 2042 146 2900 37 44082 15379 0 50 906 342 653 0 17882 30056 346 0 1849 0 3718 5840 7 240 88 0 361 287 30 10203 0 5829 3597 1 6968 376 0 170 23 19 6748 2778 21 247 0 2569 63 245
3 50 1 2 515 6 553 0 1 320 76 0 8 1 0 1997 31 6 5777 8322 3 0 3512 0 6867 0 0 1151 3 945 0 4798 825 0 3 138 1 3 0 1760 263 35 0 581 0 2027 1 0 0 0 0 3 0 0 6 0 1418 0 0 41 6 0 0 0 0 6 0 0 1 0 0 0 0
6 71 8 7 988 87 634 4 5 438 194 6 32 8 2 3170 1529 47 12766 11667 439 54 3073 0 10481 14 80 2601 448 2483 25 4979 1859 4 3 241 5 94 6 1888 462 223 0 1302 1 3984 387 2 3 2 0 6 0 7 156 4 1803 50 0 132 84 0 1 1 0 150 28 6 5 0 1 0 0
7 75 9 12 1062 122 607 4 9 437 234 9 38 15 7 5027 2173 56 13006 11123 565 73 2906 0 10606 23 60 3066 587 3038 83 4560 2063 3 11 237 42 151 15 1790 547 219 6 1456 0 4037 406 2 68 1 0 37 1 14 157 4 1800 191 0 204 122 3 10 2 3 159 40 12 9 0 2 6 1
4 51 1 5 538 5 518 0 1 314 122 0 12 2 2 2508 7 5 5904 7869 2 0 3160 0 6884 7 0 1296 2 1474 0 4367 1218 0 1 140 24 3 0 1725 317 36 0 861 0 2025 4 0 3 0 0 2 4 0 7 0 1414 71 0 65 7 0 0 0 1 6 9 0 1 0 2 1 0
6 53 6 9 622 30 445 2 2 316 199 5 16 8 5 4415 298 26 6230 6907 10 15 2436 0 7013 12 20 1774 36 2529 7 3672 1845 1 7 136 15 1 2 1638 359 204 2 1369 0 2110 38 2 13 0 0 7 9 3 5 2 1414 139 1 138 32 0 0 0 1 15 20 6 2 0 2 2 1
3 71 0 3 988 0 746 0 0 443 86 0 28 0 1 3140 0 0 12771 13174 0 0 4301 0 10482 91 0 2603 0 1066 0 6069 745 0 0 244 0 0 0 1905 437 0 0 460 0 3985 386 0 0 0 0 0 4 0 155 0 1806 15 0 130 0 0 0 0 0 148 28 0 0 0 0 0 0
6 90 5 10 1344 111 714 0 4 503 207 6 62 8 6 5892 2075 161 16894 13320 470 0 3490 0 12370 170 52 4425 564 2502 79 5128 1664 0 5 309 2 74 0 1844 920 101 0 1038 1 5017 840 23 62 1 0 12 37 7 220 0 1947 132 1 363 119 2 0 1 3 269 58 7 4 0 13 3 1
1 44 0 0 473 0 622 0 0 324 0 0 0 0 0 1347 0 0 5595 9201 0 0 4297 0 6824 0 0 987 0 0 0 5709 0 0 0 133 0 0 0 1815 0 0 0 0 0 2024 0 0 0 0 0 0 0 0 0 0 1423 0 0 0 0 0 0 0 0 0 0 0 0 0 0 0 0
2 45 0 1 505 0 583 0 0 321 41 0 2 0 0 1861 0 0 5801 8755 0 0 3807 0 6823 0 0 1142 0 472 0 5330 530 0 0 136 0 0 0 1781 51 0 0 290 0 2024 1 0 0 0 0 0 0 0 1 0 1423 0 0 31 0 0 0 0 0 0 0 0 0 0 0 0 0
6 228 0 15 1860 0 3240 0 0 1749 510 0 315 0 20 4754 0 0 18107 25107 0 0 29673 0 27368 2149 0 3248 0 1603 0 26107 5336 0 0 703 0 0 0 15425 7002 0 0 1310 0 5000 2177 0 0 0 0 0 126 0 1931 0 7241 555 0 3091 0 0 0 0 0 2172 465 0 0 0 265 0 15
